-------------------------------------------------------------------------------
Test set: com.zeyu.web.test.TestMyBatis
-------------------------------------------------------------------------------
Tests run: 1, Failures: 1, Errors: 0, Skipped: 0, Time elapsed: 0.006 sec <<< FAILURE!
com.zeyu.web.test.TestMyBatis.test1()  Time elapsed: 0.005 sec  <<< FAILURE!
java.lang.NullPointerException
	at com.zeyu.web.test.TestMyBatis.test1(TestMyBatis.java:25)

